<?xml version="1.0" encoding="utf-8"?>


<LinearLayout xmlns:android="http://schemas.android.com/apk/res/android"
    xmlns:app="http://schemas.android.com/apk/res-auto"
    xmlns:tools="http://schemas.android.com/tools"
    android:layout_width="match_parent"
    android:layout_height="match_parent"
    android:backgroundTint="#F4F7FE"
    android:orientation="vertical"
    tools:layout_editor_absoluteY="20dp">

    <TextView
        android:id="@+id/textView2"
        android:layout_width="match_parent"
        android:layout_height="wrap_content"
        android:layout_marginVertical="20dp"
        android:background="@drawable/teduri"
        android:fontFamily="@font/nexonfootballgothicl"
        android:gravity="center_horizontal"
        android:text="@string/Sample_Titel"
        android:textColor="#CCAF92"
        android:textSize="18sp" />

    <LinearLayout
        android:layout_width="match_parent"
        android:layout_height="match_parent"
        android:layout_gravity="center"
        android:background="@drawable/rounded_edge"
        android:backgroundTint="#ffffff"
        android:gravity="center_horizontal"
        android:orientation="vertical"
        android:paddingTop="60dp">

        <TextView
            android:id="@+id/textView3"
            android:layout_width="wrap_content"
            android:layout_height="wrap_content"
            android:layout_marginBottom="20dp"
            android:fontFamily="@font/nexonfootballgothicl"
            android:text="@string/Result"
            android:textColor="#5734D5"
            android:textSize="20sp"
            android:textStyle="bold" />

        <ImageView
            android:id="@+id/imageView2"
            android:layout_width="wrap_content"
            android:layout_height="wrap_content"
            android:layout_marginBottom="30dp"
            android:scaleType="centerCrop"
            app:srcCompat="@mipmap/ppomi"
            tools:srcCompat="@mipmap/ppomi" />

        <TextView
            android:id="@+id/textView4"
            android:layout_width="330dp"
            android:layout_height="100dp"
            android:layout_marginBottom="70dp"
            android:fontFamily="@font/nexonfootballgothicl"
            android:gravity="center_horizontal"
            android:lineSpacingMultiplier="1.5"
            android:text="@string/Result_text"
            android:textColor="#000000"
            android:textSize="14sp" />

        <Button
            android:id="@+id/button4"
            android:layout_width="180dp"
            android:layout_height="46dp"
            android:layout_marginBottom="10dp"
            android:background="@drawable/rounded_edge_button"
            android:backgroundTint="#4318FF"
            android:fontFamily="@font/nexonfootballgothicl"
            android:text="@string/Button_toMain"
            android:textColor="#FFFFFF"
            android:textStyle="bold" />

        <Button
            android:id="@+id/button6"
            android:layout_width="wrap_content"
            android:layout_height="wrap_content"
            android:backgroundTint="#009C8D78"
            android:fontFamily="@font/nexonfootballgothicl"
            android:text="@string/Button_share"
            android:textColor="#8F9BBA"
            android:textStyle="bold" />
    </LinearLayout>

</LinearLayout>
